[INFO] Scanning for projects...
[INFO] 
[INFO] -------------------------< com.fatec:todolist >-------------------------
[INFO] Building todolist 0.0.1-SNAPSHOT
[INFO]   from pom.xml
[INFO] --------------------------------[ jar ]---------------------------------
[INFO] 
[INFO] >>> spring-boot:4.0.3:run (default-cli) > test-compile @ todolist >>>
[INFO] 
[INFO] --- resources:3.3.1:resources (default-resources) @ todolist ---
[INFO] Copying 1 resource from src/main/resources to target/classes
[INFO] Copying 0 resource from src/main/resources to target/classes
[INFO] 
[INFO] --- compiler:3.14.1:compile (default-compile) @ todolist ---
[INFO] Nothing to compile - all classes are up to date.
[INFO] 
[INFO] --- resources:3.3.1:testResources (default-testResources) @ todolist ---
[INFO] skip non existing resourceDirectory /Users/davixavier/Desktop/todolist/src/test/resources
[INFO] 
[INFO] --- compiler:3.14.1:testCompile (default-testCompile) @ todolist ---
[INFO] Nothing to compile - all classes are up to date.
[INFO] 
[INFO] <<< spring-boot:4.0.3:run (default-cli) < test-compile @ todolist <<<
[INFO] 
[INFO] 
[INFO] --- spring-boot:4.0.3:run (default-cli) @ todolist ---
[INFO] Attaching agents: []

  .   ____          _            __ _ _
 /\\ / ___'_ __ _ _(_)_ __  __ _ \ \ \ \
( ( )\___ | '_ | '_| | '_ \/ _` | \ \ \ \
 \\/  ___)| |_)| | | | | || (_| |  ) ) ) )
  '  |____| .__|_| |_|_| |_\__, | / / / /
 =========|_|==============|___/=/_/_/_/

 :: Spring Boot ::                (v4.0.3)

2026-03-10T10:58:16.451-03:00  INFO 35044 --- [todolist] [  restartedMain] com.fatec.todolist.TodolistApplication   : Starting TodolistApplication using Java 21.0.10 with PID 35044 (/Users/davixavier/Desktop/todolist/target/classes started by davixavier in /Users/davixavier/Desktop/todolist)
2026-03-10T10:58:16.452-03:00  INFO 35044 --- [todolist] [  restartedMain] com.fatec.todolist.TodolistApplication   : No active profile set, falling back to 1 default profile: "default"
2026-03-10T10:58:16.480-03:00  INFO 35044 --- [todolist] [  restartedMain] .e.DevToolsPropertyDefaultsPostProcessor : Devtools property defaults active! Set 'spring.devtools.add-properties' to 'false' to disable
2026-03-10T10:58:16.480-03:00  INFO 35044 --- [todolist] [  restartedMain] .e.DevToolsPropertyDefaultsPostProcessor : For additional web related logging consider setting the 'logging.level.web' property to 'DEBUG'
2026-03-10T10:58:16.842-03:00  INFO 35044 --- [todolist] [  restartedMain] .s.d.r.c.RepositoryConfigurationDelegate : Bootstrapping Spring Data JPA repositories in DEFAULT mode.
2026-03-10T10:58:16.866-03:00  INFO 35044 --- [todolist] [  restartedMain] .s.d.r.c.RepositoryConfigurationDelegate : Finished Spring Data repository scanning in 20 ms. Found 7 JPA repository interfaces.
2026-03-10T10:58:17.088-03:00  INFO 35044 --- [todolist] [  restartedMain] o.s.boot.tomcat.TomcatWebServer          : Tomcat initialized with port 8080 (http)
2026-03-10T10:58:17.095-03:00  INFO 35044 --- [todolist] [  restartedMain] o.apache.catalina.core.StandardService   : Starting service [Tomcat]
2026-03-10T10:58:17.095-03:00  INFO 35044 --- [todolist] [  restartedMain] o.apache.catalina.core.StandardEngine    : Starting Servlet engine: [Apache Tomcat/11.0.18]
2026-03-10T10:58:17.111-03:00  INFO 35044 --- [todolist] [  restartedMain] b.w.c.s.WebApplicationContextInitializer : Root WebApplicationContext: initialization completed in 631 ms
2026-03-10T10:58:17.186-03:00  INFO 35044 --- [todolist] [  restartedMain] org.hibernate.orm.jpa                    : HHH008540: Processing PersistenceUnitInfo [name: default]
2026-03-10T10:58:17.215-03:00  INFO 35044 --- [todolist] [  restartedMain] org.hibernate.orm.core                   : HHH000001: Hibernate ORM core version 7.2.4.Final
2026-03-10T10:58:17.398-03:00  INFO 35044 --- [todolist] [  restartedMain] o.s.o.j.p.SpringPersistenceUnitInfo      : No LoadTimeWeaver setup: ignoring JPA class transformer
2026-03-10T10:58:17.412-03:00  INFO 35044 --- [todolist] [  restartedMain] com.zaxxer.hikari.HikariDataSource       : HikariPool-1 - Starting...
2026-03-10T10:58:17.488-03:00  INFO 35044 --- [todolist] [  restartedMain] com.zaxxer.hikari.pool.HikariPool        : HikariPool-1 - Added connection conn0: url=jdbc:h2:mem:todolist_fatec user=SA
2026-03-10T10:58:17.489-03:00  INFO 35044 --- [todolist] [  restartedMain] com.zaxxer.hikari.HikariDataSource       : HikariPool-1 - Start completed.
2026-03-10T10:58:17.500-03:00  WARN 35044 --- [todolist] [  restartedMain] org.hibernate.orm.deprecation            : HHH90000025: H2Dialect does not need to be specified explicitly using 'hibernate.dialect' (remove the property setting and it will be selected by default)
2026-03-10T10:58:17.508-03:00  INFO 35044 --- [todolist] [  restartedMain] org.hibernate.orm.connections.pooling    : HHH10001005: Database info:
	Database JDBC URL [jdbc:h2:mem:todolist_fatec]
	Database driver: H2 JDBC Driver
	Database dialect: H2Dialect
	Database version: 2.4.240
	Default catalog/schema: TODOLIST_FATEC/PUBLIC
	Autocommit mode: undefined/unknown
	Isolation level: READ_COMMITTED [default READ_COMMITTED]
	JDBC fetch size: 100
	Pool: DataSourceConnectionProvider
	Minimum pool size: undefined/unknown
	Maximum pool size: undefined/unknown
2026-03-10T10:58:17.902-03:00  INFO 35044 --- [todolist] [  restartedMain] org.hibernate.orm.core                   : HHH000489: No JTA platform available (set 'hibernate.transaction.jta.platform' to enable JTA platform integration)
Hibernate: drop table if exists aluno cascade 
Hibernate: drop table if exists atividade cascade 
Hibernate: drop table if exists entrada_sala cascade 
Hibernate: drop table if exists materia cascade 
Hibernate: drop table if exists sala_de_aula cascade 
Hibernate: drop table if exists votacao_cancelamento cascade 
Hibernate: drop table if exists voto cascade 
Hibernate: create table aluno (sala_id integer not null, id bigint generated by default as identity, nome varchar(255) not null, rm varchar(255) not null unique, primary key (id))
Hibernate: create table atividade (data date, prazo date, id bigint generated by default as identity, materia_id bigint not null, descricao varchar(255), link_entrega varchar(255), regras varchar(255) not null, titulo varchar(255), status enum ('ATIVA','CANCELADA') not null, tipo_entrega enum ('ENTREGA_MANUAL','LINK_EXTERNO'), primary key (id))
Hibernate: create table entrada_sala (sala_id integer not null, aluno_id bigint not null, atualizado_em timestamp(6) not null, criado_em timestamp(6) not null, id bigint generated by default as identity, status enum ('APROVADO','PENDENTE','REJEITADO') not null, primary key (id))
Hibernate: create table materia (sala_id integer not null, id bigint generated by default as identity, nome varchar(255), professor varchar(255), primary key (id))
Hibernate: create table sala_de_aula (id integer generated by default as identity, codigo_convite varchar(255) not null unique, nome varchar(255), segredo_lider varchar(255) not null, semestre varchar(255), primary key (id))
Hibernate: create table votacao_cancelamento (atividade_id bigint not null unique, encerra_em timestamp(6) not null, id bigint generated by default as identity, iniciada_em timestamp(6) not null, status enum ('ABERTA','ENCERRADA') not null, primary key (id))
Hibernate: create table voto (aluno_id bigint not null, id bigint generated by default as identity, votacao_id bigint not null, votado_em timestamp(6) not null, opcao enum ('NAO','SIM') not null, primary key (id), constraint uk_voto_aluno_votacao unique (votacao_id, aluno_id))
Hibernate: alter table if exists aluno add constraint fk_aluno_sala foreign key (sala_id) references sala_de_aula
Hibernate: alter table if exists atividade add constraint fk_materia foreign key (materia_id) references materia
Hibernate: alter table if exists entrada_sala add constraint fk_entrada_aluno foreign key (aluno_id) references aluno
Hibernate: alter table if exists entrada_sala add constraint fk_entrada_sala foreign key (sala_id) references sala_de_aula
Hibernate: alter table if exists materia add constraint fk_materia_sala foreign key (sala_id) references sala_de_aula
Hibernate: alter table if exists votacao_cancelamento add constraint fk_votacao_atividade foreign key (atividade_id) references atividade
Hibernate: alter table if exists voto add constraint fk_voto_aluno foreign key (aluno_id) references aluno
Hibernate: alter table if exists voto add constraint fk_voto_votacao foreign key (votacao_id) references votacao_cancelamento
2026-03-10T10:58:17.931-03:00  INFO 35044 --- [todolist] [  restartedMain] j.LocalContainerEntityManagerFactoryBean : Initialized JPA EntityManagerFactory for persistence unit 'default'
2026-03-10T10:58:17.966-03:00  INFO 35044 --- [todolist] [  restartedMain] o.s.d.j.r.query.QueryEnhancerFactories   : Hibernate is in classpath; If applicable, HQL parser will be used.
2026-03-10T10:58:18.131-03:00  WARN 35044 --- [todolist] [  restartedMain] JpaBaseConfiguration$JpaWebConfiguration : spring.jpa.open-in-view is enabled by default. Therefore, database queries may be performed during view rendering. Explicitly configure spring.jpa.open-in-view to disable this warning
2026-03-10T10:58:18.158-03:00  WARN 35044 --- [todolist] [  restartedMain] .s.a.UserDetailsServiceAutoConfiguration : 

Using generated security password: f562518c-76c4-4dd9-a87d-e45f1d6947ad

This generated password is for development use only. Your security configuration must be updated before running your application in production.

2026-03-10T10:58:18.161-03:00  INFO 35044 --- [todolist] [  restartedMain] r$InitializeUserDetailsManagerConfigurer : Global AuthenticationManager configured with UserDetailsService bean with name inMemoryUserDetailsManager
2026-03-10T10:58:18.395-03:00  INFO 35044 --- [todolist] [  restartedMain] o.s.boot.tomcat.TomcatWebServer          : Tomcat started on port 8080 (http) with context path '/'
2026-03-10T10:58:18.399-03:00  INFO 35044 --- [todolist] [  restartedMain] com.fatec.todolist.TodolistApplication   : Started TodolistApplication in 2.101 seconds (process running for 2.304)
2026-03-10T10:58:18.400-03:00  WARN 35044 --- [todolist] [  restartedMain] o.s.core.events.SpringDocAppInitializer  : SpringDoc /v3/api-docs endpoint is enabled by default. To disable it in production, set the property 'springdoc.api-docs.enabled=false'
2026-03-10T10:58:18.400-03:00  WARN 35044 --- [todolist] [  restartedMain] o.s.core.events.SpringDocAppInitializer  : SpringDoc /swagger-ui.html endpoint is enabled by default. To disable it in production, set the property 'springdoc.swagger-ui.enabled=false'
===========================================
Swagger iniciado com sucesso!
Acesse: http://localhost:8080/swagger-ui.html
===========================================
2026-03-10T10:59:13.116-03:00  INFO 35044 --- [todolist] [nio-8080-exec-1] o.a.c.c.C.[Tomcat].[localhost].[/]       : Initializing Spring DispatcherServlet 'dispatcherServlet'
2026-03-10T10:59:13.116-03:00  INFO 35044 --- [todolist] [nio-8080-exec-1] o.s.web.servlet.DispatcherServlet        : Initializing Servlet 'dispatcherServlet'
2026-03-10T10:59:13.122-03:00  INFO 35044 --- [todolist] [nio-8080-exec-1] o.s.web.servlet.DispatcherServlet        : Completed initialization in 6 ms
Hibernate: select sda1_0.id,sda1_0.codigo_convite,sda1_0.nome,sda1_0.segredo_lider,sda1_0.semestre from sala_de_aula sda1_0
Hibernate: select sda1_0.id,sda1_0.codigo_convite,sda1_0.nome,sda1_0.segredo_lider,sda1_0.semestre from sala_de_aula sda1_0 where sda1_0.codigo_convite=?
2026-03-10T10:59:54.735-03:00  WARN 35044 --- [todolist] [nio-8080-exec-2] .m.m.a.ExceptionHandlerExceptionResolver : Resolved [com.fatec.todolist.exception.RecursoNaoEncontradoException: Sala nao encontrada]
Hibernate: select sda1_0.id,sda1_0.codigo_convite,sda1_0.nome,sda1_0.segredo_lider,sda1_0.semestre from sala_de_aula sda1_0 where sda1_0.codigo_convite=?
2026-03-10T10:59:57.644-03:00  WARN 35044 --- [todolist] [nio-8080-exec-3] .m.m.a.ExceptionHandlerExceptionResolver : Resolved [com.fatec.todolist.exception.RecursoNaoEncontradoException: Sala nao encontrada]
Hibernate: select sda1_0.id,sda1_0.codigo_convite,sda1_0.nome,sda1_0.segredo_lider,sda1_0.semestre from sala_de_aula sda1_0 where sda1_0.codigo_convite=?
2026-03-10T10:59:58.235-03:00  WARN 35044 --- [todolist] [nio-8080-exec-4] .m.m.a.ExceptionHandlerExceptionResolver : Resolved [com.fatec.todolist.exception.RecursoNaoEncontradoException: Sala nao encontrada]
2026-03-10T11:00:45.059-03:00  INFO 35044 --- [todolist] [ionShutdownHook] o.s.boot.tomcat.GracefulShutdown         : Commencing graceful shutdown. Waiting for active requests to complete
2026-03-10T11:00:45.078-03:00  INFO 35044 --- [todolist] [tomcat-shutdown] o.s.boot.tomcat.GracefulShutdown         : Graceful shutdown complete
2026-03-10T11:00:45.085-03:00  INFO 35044 --- [todolist] [ionShutdownHook] j.LocalContainerEntityManagerFactoryBean : Closing JPA EntityManagerFactory for persistence unit 'default'
Hibernate: drop table if exists aluno cascade 
Hibernate: drop table if exists atividade cascade 
Hibernate: drop table if exists entrada_sala cascade 
Hibernate: drop table if exists materia cascade 
Hibernate: drop table if exists sala_de_aula cascade 
Hibernate: drop table if exists votacao_cancelamento cascade 
Hibernate: drop table if exists voto cascade 
2026-03-10T11:00:45.105-03:00  WARN 35044 --- [todolist] [ionShutdownHook] o.s.b.f.support.DisposableBeanAdapter    : Invocation of destroy method failed on bean with name 'inMemoryDatabaseShutdownExecutor': org.h2.jdbc.JdbcSQLNonTransientConnectionException: Database is already closed (to disable automatic closing at VM shutdown, add ";DB_CLOSE_ON_EXIT=FALSE" to the db URL) [90121-240]
2026-03-10T11:00:45.106-03:00  INFO 35044 --- [todolist] [ionShutdownHook] com.zaxxer.hikari.HikariDataSource       : HikariPool-1 - Shutdown initiated...
2026-03-10T11:00:45.107-03:00  INFO 35044 --- [todolist] [ionShutdownHook] com.zaxxer.hikari.HikariDataSource       : HikariPool-1 - Shutdown completed.
[INFO] ------------------------------------------------------------------------
[INFO] BUILD FAILURE
[INFO] ------------------------------------------------------------------------
[INFO] Total time:  02:29 min
[INFO] Finished at: 2026-03-10T11:00:45-03:00
[INFO] ------------------------------------------------------------------------
[ERROR] Failed to execute goal org.springframework.boot:spring-boot-maven-plugin:4.0.3:run (default-cli) on project todolist: Process terminated with exit code: 143 -> [Help 1]
[ERROR] 
[ERROR] To see the full stack trace of the errors, re-run Maven with the -e switch.
[ERROR] Re-run Maven using the -X switch to enable full debug logging.
[ERROR] 
[ERROR] For more information about the errors and possible solutions, please read the following articles:
[ERROR] [Help 1] http://cwiki.apache.org/confluence/display/MAVEN/MojoExecutionException
